<?xml version="1.0" encoding="UTF-8"?>
<coverage generated="1550429300518" clover="3.2.0">
  <project timestamp="1550429300518" name="All files">
    <metrics statements="108" coveredstatements="102" conditionals="34" coveredconditionals="32" methods="22" coveredmethods="21" elements="164" coveredelements="155" complexity="0" loc="108" ncloc="108" packages="4" files="8" classes="8"/>
    <package name="helpers">
      <metrics statements="0" coveredstatements="0" conditionals="0" coveredconditionals="0" methods="0" coveredmethods="0"/>
      <file name="helpers.js" path="C:\cygwin64\home\Develop\dbwebb-kurser\ramverk2\me\redovisa\backend\helpers\helpers.js">
        <metrics statements="0" coveredstatements="0" conditionals="0" coveredconditionals="0" methods="0" coveredmethods="0"/>
      </file>
    </package>
    <package name="middlewares">
      <metrics statements="8" coveredstatements="8" conditionals="4" coveredconditionals="4" methods="2" coveredmethods="2"/>
      <file name="checktoken.js" path="C:\cygwin64\home\Develop\dbwebb-kurser\ramverk2\me\redovisa\backend\middlewares\checktoken.js">
        <metrics statements="8" coveredstatements="8" conditionals="4" coveredconditionals="4" methods="2" coveredmethods="2"/>
        <line num="1" count="2" type="stmt"/>
        <line num="2" count="2" type="stmt"/>
        <line num="4" count="2" type="stmt"/>
        <line num="5" count="2" type="cond" truecount="2" falsecount="0"/>
        <line num="7" count="2" type="stmt"/>
        <line num="8" count="2" type="cond" truecount="2" falsecount="0"/>
        <line num="9" count="1" type="stmt"/>
        <line num="15" count="1" type="stmt"/>
      </file>
    </package>
    <package name="models">
      <metrics statements="52" coveredstatements="52" conditionals="18" coveredconditionals="18" methods="15" coveredmethods="15"/>
      <file name="me.js" path="C:\cygwin64\home\Develop\dbwebb-kurser\ramverk2\me\redovisa\backend\models\me.js">
        <metrics statements="3" coveredstatements="3" conditionals="0" coveredconditionals="0" methods="1" coveredmethods="1"/>
        <line num="1" count="3" type="stmt"/>
        <line num="7" count="3" type="stmt"/>
        <line num="8" count="1" type="stmt"/>
      </file>
      <file name="reports.js" path="C:\cygwin64\home\Develop\dbwebb-kurser\ramverk2\me\redovisa\backend\models\reports.js">
        <metrics statements="16" coveredstatements="16" conditionals="4" coveredconditionals="4" methods="6" coveredmethods="6"/>
        <line num="1" count="3" type="stmt"/>
        <line num="2" count="3" type="stmt"/>
        <line num="4" count="3" type="stmt"/>
        <line num="5" count="3" type="stmt"/>
        <line num="6" count="3" type="stmt"/>
        <line num="9" count="4" type="cond" truecount="2" falsecount="0"/>
        <line num="10" count="1" type="stmt"/>
        <line num="12" count="3" type="stmt"/>
        <line num="17" count="3" type="stmt"/>
        <line num="20" count="3" type="stmt"/>
        <line num="21" count="3" type="stmt"/>
        <line num="22" count="3" type="stmt"/>
        <line num="26" count="4" type="cond" truecount="2" falsecount="0"/>
        <line num="27" count="1" type="stmt"/>
        <line num="29" count="3" type="stmt"/>
        <line num="34" count="3" type="stmt"/>
      </file>
      <file name="user.js" path="C:\cygwin64\home\Develop\dbwebb-kurser\ramverk2\me\redovisa\backend\models\user.js">
        <metrics statements="33" coveredstatements="33" conditionals="14" coveredconditionals="14" methods="8" coveredmethods="8"/>
        <line num="1" count="3" type="stmt"/>
        <line num="2" count="3" type="stmt"/>
        <line num="3" count="3" type="stmt"/>
        <line num="5" count="3" type="stmt"/>
        <line num="7" count="3" type="stmt"/>
        <line num="9" count="3" type="stmt"/>
        <line num="10" count="8" type="stmt"/>
        <line num="11" count="8" type="stmt"/>
        <line num="12" count="8" type="cond" truecount="2" falsecount="0"/>
        <line num="13" count="1" type="stmt"/>
        <line num="21" count="7" type="stmt"/>
        <line num="25" count="8" type="cond" truecount="2" falsecount="0"/>
        <line num="26" count="2" type="stmt"/>
        <line num="33" count="6" type="stmt"/>
        <line num="43" count="8" type="stmt"/>
        <line num="46" count="3" type="stmt"/>
        <line num="47" count="9" type="stmt"/>
        <line num="48" count="9" type="stmt"/>
        <line num="52" count="14" type="cond" truecount="2" falsecount="0"/>
        <line num="53" count="1" type="stmt"/>
        <line num="63" count="13" type="cond" truecount="2" falsecount="0"/>
        <line num="64" count="2" type="stmt"/>
        <line num="73" count="11" type="stmt"/>
        <line num="77" count="11" type="stmt"/>
        <line num="78" count="12" type="cond" truecount="2" falsecount="0"/>
        <line num="79" count="2" type="stmt"/>
        <line num="88" count="10" type="stmt"/>
        <line num="89" count="10" type="cond" truecount="2" falsecount="0"/>
        <line num="91" count="10" type="stmt"/>
        <line num="93" count="10" type="cond" truecount="2" falsecount="0"/>
        <line num="94" count="3" type="stmt"/>
        <line num="102" count="7" type="stmt"/>
        <line num="115" count="9" type="stmt"/>
      </file>
    </package>
    <package name="routes">
      <metrics statements="48" coveredstatements="42" conditionals="12" coveredconditionals="10" methods="5" coveredmethods="4"/>
      <file name="index.js" path="C:\cygwin64\home\Develop\dbwebb-kurser\ramverk2\me\redovisa\backend\routes\index.js">
        <metrics statements="7" coveredstatements="5" conditionals="0" coveredconditionals="0" methods="1" coveredmethods="0"/>
        <line num="1" count="2" type="stmt"/>
        <line num="2" count="2" type="stmt"/>
        <line num="4" count="2" type="stmt"/>
        <line num="6" count="2" type="stmt"/>
        <line num="7" count="0" type="stmt"/>
        <line num="9" count="0" type="stmt"/>
        <line num="12" count="2" type="stmt"/>
      </file>
      <file name="reports.js" path="C:\cygwin64\home\Develop\dbwebb-kurser\ramverk2\me\redovisa\backend\routes\reports.js">
        <metrics statements="19" coveredstatements="16" conditionals="4" coveredconditionals="3" methods="2" coveredmethods="2"/>
        <line num="1" count="2" type="stmt"/>
        <line num="2" count="2" type="stmt"/>
        <line num="3" count="2" type="stmt"/>
        <line num="4" count="2" type="stmt"/>
        <line num="6" count="2" type="stmt"/>
        <line num="7" count="1" type="stmt"/>
        <line num="8" count="1" type="stmt"/>
        <line num="11" count="1" type="cond" truecount="3" falsecount="1"/>
        <line num="12" count="0" type="stmt"/>
        <line num="19" count="1" type="stmt"/>
        <line num="20" count="1" type="stmt"/>
        <line num="22" count="0" type="stmt"/>
        <line num="27" count="1" type="stmt"/>
        <line num="32" count="2" type="stmt"/>
        <line num="37" count="1" type="stmt"/>
        <line num="38" count="1" type="stmt"/>
        <line num="40" count="0" type="stmt"/>
        <line num="45" count="1" type="stmt"/>
        <line num="50" count="2" type="stmt"/>
      </file>
      <file name="user.js" path="C:\cygwin64\home\Develop\dbwebb-kurser\ramverk2\me\redovisa\backend\routes\user.js">
        <metrics statements="22" coveredstatements="21" conditionals="8" coveredconditionals="7" methods="2" coveredmethods="2"/>
        <line num="1" count="2" type="stmt"/>
        <line num="2" count="2" type="stmt"/>
        <line num="3" count="2" type="stmt"/>
        <line num="5" count="2" type="stmt"/>
        <line num="6" count="5" type="stmt"/>
        <line num="7" count="5" type="stmt"/>
        <line num="11" count="5" type="cond" truecount="3" falsecount="1"/>
        <line num="12" count="0" type="stmt"/>
        <line num="22" count="5" type="stmt"/>
        <line num="23" count="5" type="stmt"/>
        <line num="25" count="1" type="stmt"/>
        <line num="30" count="4" type="stmt"/>
        <line num="35" count="2" type="stmt"/>
        <line num="36" count="5" type="stmt"/>
        <line num="37" count="5" type="stmt"/>
        <line num="41" count="5" type="cond" truecount="4" falsecount="0"/>
        <line num="42" count="1" type="stmt"/>
        <line num="52" count="4" type="stmt"/>
        <line num="53" count="4" type="stmt"/>
        <line num="55" count="2" type="stmt"/>
        <line num="60" count="2" type="stmt"/>
        <line num="65" count="2" type="stmt"/>
      </file>
    </package>
  </project>
</coverage>
