{"C:\\cygwin64\\home\\Develop\\dbwebb-kurser\\ramverk2\\me\\redovisa\\backend\\models\\me.js": {"path":"C:\\cygwin64\\home\\Develop\\dbwebb-kurser\\ramverk2\\me\\redovisa\\backend\\models\\me.js","statementMap":{"0":{"start":{"line":1,"column":9},"end":{"line":5,"column":1}},"1":{"start":{"line":7,"column":0},"end":{"line":9,"column":1}},"2":{"start":{"line":8,"column":4},"end":{"line":8,"column":14}}},"fnMap":{"0":{"name":"(anonymous_0)","decl":{"start":{"line":7,"column":16},"end":{"line":7,"column":17}},"loc":{"start":{"line":7,"column":28},"end":{"line":9,"column":1}},"line":7}},"branchMap":{},"s":{"0":1,"1":1,"2":1},"f":{"0":1},"b":{},"_coverageSchema":"43e27e138ebf9cfc5966b082cf9a028302ed4184","hash":"ba2b560fc1e455a5af88b162d055d3efe0dce5b2"}
,"C:\\cygwin64\\home\\Develop\\dbwebb-kurser\\ramverk2\\me\\redovisa\\backend\\models\\reports.js": {"path":"C:\\cygwin64\\home\\Develop\\dbwebb-kurser\\ramverk2\\me\\redovisa\\backend\\models\\reports.js","statementMap":{"0":{"start":{"line":1,"column":15},"end":{"line":1,"column":33}},"1":{"start":{"line":2,"column":11},"end":{"line":2,"column":51}},"2":{"start":{"line":4,"column":0},"end":{"line":18,"column":2}},"3":{"start":{"line":5,"column":19},"end":{"line":15,"column":6}},"4":{"start":{"line":6,"column":8},"end":{"line":14,"column":9}},"5":{"start":{"line":9,"column":16},"end":{"line":11,"column":17}},"6":{"start":{"line":10,"column":20},"end":{"line":10,"column":32}},"7":{"start":{"line":12,"column":16},"end":{"line":12,"column":30}},"8":{"start":{"line":17,"column":4},"end":{"line":17,"column":18}},"9":{"start":{"line":20,"column":0},"end":{"line":35,"column":2}},"10":{"start":{"line":21,"column":19},"end":{"line":32,"column":6}},"11":{"start":{"line":22,"column":8},"end":{"line":31,"column":9}},"12":{"start":{"line":26,"column":16},"end":{"line":28,"column":17}},"13":{"start":{"line":27,"column":20},"end":{"line":27,"column":32}},"14":{"start":{"line":29,"column":16},"end":{"line":29,"column":64}},"15":{"start":{"line":34,"column":4},"end":{"line":34,"column":18}}},"fnMap":{"0":{"name":"(anonymous_0)","decl":{"start":{"line":4,"column":14},"end":{"line":4,"column":15}},"loc":{"start":{"line":4,"column":30},"end":{"line":18,"column":1}},"line":4},"1":{"name":"(anonymous_1)","decl":{"start":{"line":5,"column":31},"end":{"line":5,"column":32}},"loc":{"start":{"line":5,"column":52},"end":{"line":15,"column":5}},"line":5},"2":{"name":"(anonymous_2)","decl":{"start":{"line":8,"column":12},"end":{"line":8,"column":13}},"loc":{"start":{"line":8,"column":27},"end":{"line":13,"column":13}},"line":8},"3":{"name":"(anonymous_3)","decl":{"start":{"line":20,"column":20},"end":{"line":20,"column":21}},"loc":{"start":{"line":20,"column":45},"end":{"line":35,"column":1}},"line":20},"4":{"name":"(anonymous_4)","decl":{"start":{"line":21,"column":31},"end":{"line":21,"column":32}},"loc":{"start":{"line":21,"column":52},"end":{"line":32,"column":5}},"line":21},"5":{"name":"(anonymous_5)","decl":{"start":{"line":25,"column":12},"end":{"line":25,"column":13}},"loc":{"start":{"line":25,"column":21},"end":{"line":30,"column":13}},"line":25}},"branchMap":{"0":{"loc":{"start":{"line":9,"column":16},"end":{"line":11,"column":17}},"type":"if","locations":[{"start":{"line":9,"column":16},"end":{"line":11,"column":17}},{"start":{"line":9,"column":16},"end":{"line":11,"column":17}}],"line":9},"1":{"loc":{"start":{"line":26,"column":16},"end":{"line":28,"column":17}},"type":"if","locations":[{"start":{"line":26,"column":16},"end":{"line":28,"column":17}},{"start":{"line":26,"column":16},"end":{"line":28,"column":17}}],"line":26}},"s":{"0":1,"1":1,"2":1,"3":2,"4":2,"5":3,"6":1,"7":3,"8":2,"9":1,"10":2,"11":2,"12":3,"13":1,"14":3,"15":2},"f":{"0":2,"1":2,"2":3,"3":2,"4":2,"5":3},"b":{"0":[1,2],"1":[1,2]},"_coverageSchema":"43e27e138ebf9cfc5966b082cf9a028302ed4184","hash":"c9b620653f07fa4b4f48a27632cef90ceb0c7a3b"}
}
