{"C:\\cygwin64\\home\\Develop\\dbwebb-kurser\\ramverk2\\me\\redovisa\\backend\\app.js": {"path":"C:\\cygwin64\\home\\Develop\\dbwebb-kurser\\ramverk2\\me\\redovisa\\backend\\app.js","statementMap":{"0":{"start":{"line":1,"column":16},"end":{"line":1,"column":34}},"1":{"start":{"line":2,"column":15},"end":{"line":2,"column":32}},"2":{"start":{"line":3,"column":13},"end":{"line":3,"column":28}},"3":{"start":{"line":4,"column":19},"end":{"line":4,"column":41}},"4":{"start":{"line":6,"column":14},"end":{"line":6,"column":39}},"5":{"start":{"line":7,"column":16},"end":{"line":7,"column":43}},"6":{"start":{"line":8,"column":13},"end":{"line":8,"column":37}},"7":{"start":{"line":10,"column":12},"end":{"line":10,"column":21}},"8":{"start":{"line":12,"column":0},"end":{"line":12,"column":16}},"9":{"start":{"line":14,"column":0},"end":{"line":16,"column":1}},"10":{"start":{"line":15,"column":4},"end":{"line":15,"column":32}},"11":{"start":{"line":18,"column":0},"end":{"line":18,"column":27}},"12":{"start":{"line":19,"column":0},"end":{"line":19,"column":51}},"13":{"start":{"line":21,"column":0},"end":{"line":21,"column":20}},"14":{"start":{"line":22,"column":0},"end":{"line":22,"column":29}},"15":{"start":{"line":23,"column":0},"end":{"line":23,"column":23}},"16":{"start":{"line":26,"column":0},"end":{"line":30,"column":3}},"17":{"start":{"line":27,"column":14},"end":{"line":27,"column":36}},"18":{"start":{"line":28,"column":4},"end":{"line":28,"column":21}},"19":{"start":{"line":29,"column":4},"end":{"line":29,"column":14}},"20":{"start":{"line":32,"column":0},"end":{"line":46,"column":3}},"21":{"start":{"line":33,"column":4},"end":{"line":35,"column":5}},"22":{"start":{"line":34,"column":8},"end":{"line":34,"column":25}},"23":{"start":{"line":37,"column":4},"end":{"line":45,"column":7}},"24":{"start":{"line":48,"column":0},"end":{"line":48,"column":21}}},"fnMap":{"0":{"name":"(anonymous_0)","decl":{"start":{"line":26,"column":8},"end":{"line":26,"column":9}},"loc":{"start":{"line":26,"column":28},"end":{"line":30,"column":1}},"line":26},"1":{"name":"(anonymous_1)","decl":{"start":{"line":32,"column":8},"end":{"line":32,"column":9}},"loc":{"start":{"line":32,"column":33},"end":{"line":46,"column":1}},"line":32}},"branchMap":{"0":{"loc":{"start":{"line":14,"column":0},"end":{"line":16,"column":1}},"type":"if","locations":[{"start":{"line":14,"column":0},"end":{"line":16,"column":1}},{"start":{"line":14,"column":0},"end":{"line":16,"column":1}}],"line":14},"1":{"loc":{"start":{"line":33,"column":4},"end":{"line":35,"column":5}},"type":"if","locations":[{"start":{"line":33,"column":4},"end":{"line":35,"column":5}},{"start":{"line":33,"column":4},"end":{"line":35,"column":5}}],"line":33},"2":{"loc":{"start":{"line":37,"column":15},"end":{"line":37,"column":32}},"type":"binary-expr","locations":[{"start":{"line":37,"column":15},"end":{"line":37,"column":25}},{"start":{"line":37,"column":29},"end":{"line":37,"column":32}}],"line":37}},"s":{"0":0,"1":0,"2":0,"3":0,"4":0,"5":0,"6":0,"7":0,"8":0,"9":0,"10":0,"11":0,"12":0,"13":0,"14":0,"15":0,"16":0,"17":0,"18":0,"19":0,"20":0,"21":0,"22":0,"23":0,"24":0},"f":{"0":0,"1":0},"b":{"0":[0,0],"1":[0,0],"2":[0,0]}}
,"C:\\cygwin64\\home\\Develop\\dbwebb-kurser\\ramverk2\\me\\redovisa\\backend\\server.js": {"path":"C:\\cygwin64\\home\\Develop\\dbwebb-kurser\\ramverk2\\me\\redovisa\\backend\\server.js","statementMap":{"0":{"start":{"line":2,"column":12},"end":{"line":2,"column":28}},"1":{"start":{"line":4,"column":13},"end":{"line":4,"column":17}},"2":{"start":{"line":6,"column":0},"end":{"line":8,"column":2}},"3":{"start":{"line":7,"column":4},"end":{"line":7,"column":43}}},"fnMap":{"0":{"name":"(anonymous_0)","decl":{"start":{"line":6,"column":17},"end":{"line":6,"column":18}},"loc":{"start":{"line":6,"column":23},"end":{"line":8,"column":1}},"line":6}},"branchMap":{},"s":{"0":0,"1":0,"2":0,"3":0},"f":{"0":0},"b":{}}
,"C:\\cygwin64\\home\\Develop\\dbwebb-kurser\\ramverk2\\me\\redovisa\\backend\\helpers\\helpers.js": {"path":"C:\\cygwin64\\home\\Develop\\dbwebb-kurser\\ramverk2\\me\\redovisa\\backend\\helpers\\helpers.js","statementMap":{},"fnMap":{},"branchMap":{},"s":{},"f":{},"b":{}}
,"C:\\cygwin64\\home\\Develop\\dbwebb-kurser\\ramverk2\\me\\redovisa\\backend\\middlewares\\checktoken.js": {"path":"C:\\cygwin64\\home\\Develop\\dbwebb-kurser\\ramverk2\\me\\redovisa\\backend\\middlewares\\checktoken.js","statementMap":{"0":{"start":{"line":1,"column":0},"end":{"line":17,"column":1}},"1":{"start":{"line":2,"column":16},"end":{"line":2,"column":39}},"2":{"start":{"line":4,"column":18},"end":{"line":4,"column":47}},"3":{"start":{"line":5,"column":19},"end":{"line":5,"column":53}},"4":{"start":{"line":7,"column":4},"end":{"line":16,"column":7}},"5":{"start":{"line":8,"column":8},"end":{"line":13,"column":9}},"6":{"start":{"line":9,"column":12},"end":{"line":12,"column":15}},"7":{"start":{"line":15,"column":8},"end":{"line":15,"column":15}}},"fnMap":{"0":{"name":"(anonymous_0)","decl":{"start":{"line":1,"column":17},"end":{"line":1,"column":18}},"loc":{"start":{"line":1,"column":43},"end":{"line":17,"column":1}},"line":1},"1":{"name":"(anonymous_1)","decl":{"start":{"line":7,"column":30},"end":{"line":7,"column":31}},"loc":{"start":{"line":7,"column":53},"end":{"line":16,"column":5}},"line":7}},"branchMap":{"0":{"loc":{"start":{"line":5,"column":19},"end":{"line":5,"column":53}},"type":"binary-expr","locations":[{"start":{"line":5,"column":19},"end":{"line":5,"column":41}},{"start":{"line":5,"column":45},"end":{"line":5,"column":53}}],"line":5},"1":{"loc":{"start":{"line":8,"column":8},"end":{"line":13,"column":9}},"type":"if","locations":[{"start":{"line":8,"column":8},"end":{"line":13,"column":9}},{"start":{"line":8,"column":8},"end":{"line":13,"column":9}}],"line":8}},"s":{"0":0,"1":0,"2":0,"3":0,"4":0,"5":0,"6":0,"7":0},"f":{"0":0,"1":0},"b":{"0":[0,0],"1":[0,0]}}
,"C:\\cygwin64\\home\\Develop\\dbwebb-kurser\\ramverk2\\me\\redovisa\\backend\\models\\me.js": {"path":"C:\\cygwin64\\home\\Develop\\dbwebb-kurser\\ramverk2\\me\\redovisa\\backend\\models\\me.js","statementMap":{"0":{"start":{"line":1,"column":9},"end":{"line":5,"column":1}},"1":{"start":{"line":7,"column":0},"end":{"line":9,"column":1}},"2":{"start":{"line":8,"column":4},"end":{"line":8,"column":14}}},"fnMap":{"0":{"name":"(anonymous_0)","decl":{"start":{"line":7,"column":16},"end":{"line":7,"column":17}},"loc":{"start":{"line":7,"column":28},"end":{"line":9,"column":1}},"line":7}},"branchMap":{},"s":{"0":1,"1":1,"2":1},"f":{"0":1},"b":{},"_coverageSchema":"43e27e138ebf9cfc5966b082cf9a028302ed4184","hash":"ba2b560fc1e455a5af88b162d055d3efe0dce5b2"}
,"C:\\cygwin64\\home\\Develop\\dbwebb-kurser\\ramverk2\\me\\redovisa\\backend\\models\\reports.js": {"path":"C:\\cygwin64\\home\\Develop\\dbwebb-kurser\\ramverk2\\me\\redovisa\\backend\\models\\reports.js","statementMap":{"0":{"start":{"line":1,"column":15},"end":{"line":1,"column":33}},"1":{"start":{"line":2,"column":11},"end":{"line":2,"column":51}},"2":{"start":{"line":4,"column":0},"end":{"line":18,"column":2}},"3":{"start":{"line":5,"column":19},"end":{"line":15,"column":6}},"4":{"start":{"line":6,"column":8},"end":{"line":14,"column":9}},"5":{"start":{"line":9,"column":16},"end":{"line":11,"column":17}},"6":{"start":{"line":10,"column":20},"end":{"line":10,"column":32}},"7":{"start":{"line":12,"column":16},"end":{"line":12,"column":30}},"8":{"start":{"line":17,"column":4},"end":{"line":17,"column":18}},"9":{"start":{"line":20,"column":0},"end":{"line":35,"column":2}},"10":{"start":{"line":21,"column":19},"end":{"line":32,"column":6}},"11":{"start":{"line":22,"column":8},"end":{"line":31,"column":9}},"12":{"start":{"line":26,"column":16},"end":{"line":28,"column":17}},"13":{"start":{"line":27,"column":20},"end":{"line":27,"column":32}},"14":{"start":{"line":29,"column":16},"end":{"line":29,"column":64}},"15":{"start":{"line":34,"column":4},"end":{"line":34,"column":18}}},"fnMap":{"0":{"name":"(anonymous_0)","decl":{"start":{"line":4,"column":14},"end":{"line":4,"column":15}},"loc":{"start":{"line":4,"column":30},"end":{"line":18,"column":1}},"line":4},"1":{"name":"(anonymous_1)","decl":{"start":{"line":5,"column":31},"end":{"line":5,"column":32}},"loc":{"start":{"line":5,"column":52},"end":{"line":15,"column":5}},"line":5},"2":{"name":"(anonymous_2)","decl":{"start":{"line":8,"column":12},"end":{"line":8,"column":13}},"loc":{"start":{"line":8,"column":27},"end":{"line":13,"column":13}},"line":8},"3":{"name":"(anonymous_3)","decl":{"start":{"line":20,"column":20},"end":{"line":20,"column":21}},"loc":{"start":{"line":20,"column":45},"end":{"line":35,"column":1}},"line":20},"4":{"name":"(anonymous_4)","decl":{"start":{"line":21,"column":31},"end":{"line":21,"column":32}},"loc":{"start":{"line":21,"column":52},"end":{"line":32,"column":5}},"line":21},"5":{"name":"(anonymous_5)","decl":{"start":{"line":25,"column":12},"end":{"line":25,"column":13}},"loc":{"start":{"line":25,"column":21},"end":{"line":30,"column":13}},"line":25}},"branchMap":{"0":{"loc":{"start":{"line":9,"column":16},"end":{"line":11,"column":17}},"type":"if","locations":[{"start":{"line":9,"column":16},"end":{"line":11,"column":17}},{"start":{"line":9,"column":16},"end":{"line":11,"column":17}}],"line":9},"1":{"loc":{"start":{"line":26,"column":16},"end":{"line":28,"column":17}},"type":"if","locations":[{"start":{"line":26,"column":16},"end":{"line":28,"column":17}},{"start":{"line":26,"column":16},"end":{"line":28,"column":17}}],"line":26}},"s":{"0":1,"1":1,"2":1,"3":2,"4":2,"5":3,"6":1,"7":3,"8":2,"9":1,"10":2,"11":2,"12":3,"13":1,"14":3,"15":2},"f":{"0":2,"1":2,"2":3,"3":2,"4":2,"5":3},"b":{"0":[1,2],"1":[1,2]},"_coverageSchema":"43e27e138ebf9cfc5966b082cf9a028302ed4184","hash":"c9b620653f07fa4b4f48a27632cef90ceb0c7a3b"}
,"C:\\cygwin64\\home\\Develop\\dbwebb-kurser\\ramverk2\\me\\redovisa\\backend\\models\\user.js": {"path":"C:\\cygwin64\\home\\Develop\\dbwebb-kurser\\ramverk2\\me\\redovisa\\backend\\models\\user.js","statementMap":{"0":{"start":{"line":1,"column":15},"end":{"line":1,"column":32}},"1":{"start":{"line":2,"column":15},"end":{"line":2,"column":33}},"2":{"start":{"line":3,"column":12},"end":{"line":3,"column":35}},"3":{"start":{"line":5,"column":11},"end":{"line":5,"column":51}},"4":{"start":{"line":7,"column":19},"end":{"line":7,"column":21}},"5":{"start":{"line":9,"column":0},"end":{"line":44,"column":1}},"6":{"start":{"line":10,"column":19},"end":{"line":41,"column":6}},"7":{"start":{"line":11,"column":8},"end":{"line":40,"column":11}},"8":{"start":{"line":12,"column":12},"end":{"line":19,"column":13}},"9":{"start":{"line":13,"column":16},"end":{"line":18,"column":18}},"10":{"start":{"line":21,"column":12},"end":{"line":39,"column":13}},"11":{"start":{"line":25,"column":20},"end":{"line":32,"column":21}},"12":{"start":{"line":26,"column":24},"end":{"line":31,"column":26}},"13":{"start":{"line":33,"column":20},"end":{"line":37,"column":22}},"14":{"start":{"line":43,"column":4},"end":{"line":43,"column":18}},"15":{"start":{"line":46,"column":0},"end":{"line":117,"column":1}},"16":{"start":{"line":47,"column":19},"end":{"line":114,"column":6}},"17":{"start":{"line":48,"column":8},"end":{"line":113,"column":9}},"18":{"start":{"line":53,"column":16},"end":{"line":61,"column":17}},"19":{"start":{"line":54,"column":20},"end":{"line":60,"column":22}},"20":{"start":{"line":64,"column":16},"end":{"line":72,"column":17}},"21":{"start":{"line":65,"column":20},"end":{"line":71,"column":22}},"22":{"start":{"line":74,"column":33},"end":{"line":74,"column":46}},"23":{"start":{"line":78,"column":16},"end":{"line":111,"column":18}},"24":{"start":{"line":79,"column":20},"end":{"line":87,"column":21}},"25":{"start":{"line":80,"column":24},"end":{"line":86,"column":26}},"26":{"start":{"line":89,"column":36},"end":{"line":89,"column":51}},"27":{"start":{"line":90,"column":35},"end":{"line":90,"column":69}},"28":{"start":{"line":92,"column":34},"end":{"line":92,"column":80}},"29":{"start":{"line":94,"column":20},"end":{"line":110,"column":21}},"30":{"start":{"line":95,"column":24},"end":{"line":101,"column":26}},"31":{"start":{"line":103,"column":24},"end":{"line":109,"column":26}},"32":{"start":{"line":116,"column":4},"end":{"line":116,"column":18}}},"fnMap":{"0":{"name":"(anonymous_0)","decl":{"start":{"line":9,"column":23},"end":{"line":9,"column":24}},"loc":{"start":{"line":9,"column":54},"end":{"line":44,"column":1}},"line":9},"1":{"name":"(anonymous_1)","decl":{"start":{"line":10,"column":31},"end":{"line":10,"column":32}},"loc":{"start":{"line":10,"column":52},"end":{"line":41,"column":5}},"line":10},"2":{"name":"(anonymous_2)","decl":{"start":{"line":11,"column":42},"end":{"line":11,"column":43}},"loc":{"start":{"line":11,"column":63},"end":{"line":40,"column":9}},"line":11},"3":{"name":"(anonymous_3)","decl":{"start":{"line":24,"column":16},"end":{"line":24,"column":17}},"loc":{"start":{"line":24,"column":25},"end":{"line":38,"column":17}},"line":24},"4":{"name":"(anonymous_4)","decl":{"start":{"line":46,"column":16},"end":{"line":46,"column":17}},"loc":{"start":{"line":46,"column":47},"end":{"line":117,"column":1}},"line":46},"5":{"name":"(anonymous_5)","decl":{"start":{"line":47,"column":31},"end":{"line":47,"column":32}},"loc":{"start":{"line":47,"column":52},"end":{"line":114,"column":5}},"line":47},"6":{"name":"(anonymous_6)","decl":{"start":{"line":50,"column":12},"end":{"line":50,"column":13}},"loc":{"start":{"line":50,"column":27},"end":{"line":112,"column":13}},"line":50},"7":{"name":"(anonymous_7)","decl":{"start":{"line":78,"column":51},"end":{"line":78,"column":52}},"loc":{"start":{"line":78,"column":68},"end":{"line":111,"column":17}},"line":78}},"branchMap":{"0":{"loc":{"start":{"line":12,"column":12},"end":{"line":19,"column":13}},"type":"if","locations":[{"start":{"line":12,"column":12},"end":{"line":19,"column":13}},{"start":{"line":12,"column":12},"end":{"line":19,"column":13}}],"line":12},"1":{"loc":{"start":{"line":25,"column":20},"end":{"line":32,"column":21}},"type":"if","locations":[{"start":{"line":25,"column":20},"end":{"line":32,"column":21}},{"start":{"line":25,"column":20},"end":{"line":32,"column":21}}],"line":25},"2":{"loc":{"start":{"line":53,"column":16},"end":{"line":61,"column":17}},"type":"if","locations":[{"start":{"line":53,"column":16},"end":{"line":61,"column":17}},{"start":{"line":53,"column":16},"end":{"line":61,"column":17}}],"line":53},"3":{"loc":{"start":{"line":64,"column":16},"end":{"line":72,"column":17}},"type":"if","locations":[{"start":{"line":64,"column":16},"end":{"line":72,"column":17}},{"start":{"line":64,"column":16},"end":{"line":72,"column":17}}],"line":64},"4":{"loc":{"start":{"line":79,"column":20},"end":{"line":87,"column":21}},"type":"if","locations":[{"start":{"line":79,"column":20},"end":{"line":87,"column":21}},{"start":{"line":79,"column":20},"end":{"line":87,"column":21}}],"line":79},"5":{"loc":{"start":{"line":90,"column":35},"end":{"line":90,"column":69}},"type":"binary-expr","locations":[{"start":{"line":90,"column":35},"end":{"line":90,"column":57}},{"start":{"line":90,"column":61},"end":{"line":90,"column":69}}],"line":90},"6":{"loc":{"start":{"line":94,"column":20},"end":{"line":110,"column":21}},"type":"if","locations":[{"start":{"line":94,"column":20},"end":{"line":110,"column":21}},{"start":{"line":94,"column":20},"end":{"line":110,"column":21}}],"line":94}},"s":{"0":0,"1":0,"2":0,"3":0,"4":0,"5":0,"6":0,"7":0,"8":0,"9":0,"10":0,"11":0,"12":0,"13":0,"14":0,"15":0,"16":0,"17":0,"18":0,"19":0,"20":0,"21":0,"22":0,"23":0,"24":0,"25":0,"26":0,"27":0,"28":0,"29":0,"30":0,"31":0,"32":0},"f":{"0":0,"1":0,"2":0,"3":0,"4":0,"5":0,"6":0,"7":0},"b":{"0":[0,0],"1":[0,0],"2":[0,0],"3":[0,0],"4":[0,0],"5":[0,0],"6":[0,0]}}
,"C:\\cygwin64\\home\\Develop\\dbwebb-kurser\\ramverk2\\me\\redovisa\\backend\\routes\\index.js": {"path":"C:\\cygwin64\\home\\Develop\\dbwebb-kurser\\ramverk2\\me\\redovisa\\backend\\routes\\index.js","statementMap":{"0":{"start":{"line":1,"column":14},"end":{"line":1,"column":32}},"1":{"start":{"line":2,"column":13},"end":{"line":2,"column":29}},"2":{"start":{"line":4,"column":9},"end":{"line":4,"column":34}},"3":{"start":{"line":6,"column":0},"end":{"line":10,"column":3}},"4":{"start":{"line":7,"column":17},"end":{"line":7,"column":27}},"5":{"start":{"line":9,"column":4},"end":{"line":9,"column":19}},"6":{"start":{"line":12,"column":0},"end":{"line":12,"column":24}}},"fnMap":{"0":{"name":"(anonymous_0)","decl":{"start":{"line":6,"column":16},"end":{"line":6,"column":17}},"loc":{"start":{"line":6,"column":36},"end":{"line":10,"column":1}},"line":6}},"branchMap":{},"s":{"0":0,"1":0,"2":0,"3":0,"4":0,"5":0,"6":0},"f":{"0":0},"b":{}}
,"C:\\cygwin64\\home\\Develop\\dbwebb-kurser\\ramverk2\\me\\redovisa\\backend\\routes\\reports.js": {"path":"C:\\cygwin64\\home\\Develop\\dbwebb-kurser\\ramverk2\\me\\redovisa\\backend\\routes\\reports.js","statementMap":{"0":{"start":{"line":1,"column":14},"end":{"line":1,"column":32}},"1":{"start":{"line":2,"column":13},"end":{"line":2,"column":29}},"2":{"start":{"line":3,"column":14},"end":{"line":3,"column":44}},"3":{"start":{"line":4,"column":17},"end":{"line":4,"column":55}},"4":{"start":{"line":6,"column":0},"end":{"line":30,"column":2}},"5":{"start":{"line":7,"column":17},"end":{"line":7,"column":30}},"6":{"start":{"line":8,"column":20},"end":{"line":8,"column":36}},"7":{"start":{"line":11,"column":4},"end":{"line":15,"column":5}},"8":{"start":{"line":12,"column":8},"end":{"line":14,"column":11}},"9":{"start":{"line":19,"column":4},"end":{"line":25,"column":5}},"10":{"start":{"line":20,"column":8},"end":{"line":20,"column":56}},"11":{"start":{"line":22,"column":8},"end":{"line":24,"column":10}},"12":{"start":{"line":27,"column":4},"end":{"line":29,"column":6}},"13":{"start":{"line":32,"column":0},"end":{"line":48,"column":3}},"14":{"start":{"line":37,"column":4},"end":{"line":43,"column":5}},"15":{"start":{"line":38,"column":8},"end":{"line":38,"column":52}},"16":{"start":{"line":40,"column":8},"end":{"line":42,"column":10}},"17":{"start":{"line":45,"column":4},"end":{"line":47,"column":6}},"18":{"start":{"line":50,"column":0},"end":{"line":50,"column":24}}},"fnMap":{"0":{"name":"(anonymous_0)","decl":{"start":{"line":6,"column":29},"end":{"line":6,"column":30}},"loc":{"start":{"line":6,"column":49},"end":{"line":30,"column":1}},"line":6},"1":{"name":"(anonymous_1)","decl":{"start":{"line":32,"column":21},"end":{"line":32,"column":22}},"loc":{"start":{"line":32,"column":41},"end":{"line":48,"column":1}},"line":32}},"branchMap":{"0":{"loc":{"start":{"line":11,"column":4},"end":{"line":15,"column":5}},"type":"if","locations":[{"start":{"line":11,"column":4},"end":{"line":15,"column":5}},{"start":{"line":11,"column":4},"end":{"line":15,"column":5}}],"line":11},"1":{"loc":{"start":{"line":11,"column":8},"end":{"line":11,"column":25}},"type":"binary-expr","locations":[{"start":{"line":11,"column":8},"end":{"line":11,"column":13}},{"start":{"line":11,"column":17},"end":{"line":11,"column":25}}],"line":11}},"s":{"0":0,"1":0,"2":0,"3":0,"4":0,"5":0,"6":0,"7":0,"8":0,"9":0,"10":0,"11":0,"12":0,"13":0,"14":0,"15":0,"16":0,"17":0,"18":0},"f":{"0":0,"1":0},"b":{"0":[0,0],"1":[0,0]}}
,"C:\\cygwin64\\home\\Develop\\dbwebb-kurser\\ramverk2\\me\\redovisa\\backend\\routes\\user.js": {"path":"C:\\cygwin64\\home\\Develop\\dbwebb-kurser\\ramverk2\\me\\redovisa\\backend\\routes\\user.js","statementMap":{"0":{"start":{"line":1,"column":14},"end":{"line":1,"column":32}},"1":{"start":{"line":2,"column":13},"end":{"line":2,"column":29}},"2":{"start":{"line":3,"column":11},"end":{"line":3,"column":38}},"3":{"start":{"line":5,"column":0},"end":{"line":33,"column":3}},"4":{"start":{"line":6,"column":18},"end":{"line":6,"column":32}},"5":{"start":{"line":7,"column":21},"end":{"line":7,"column":38}},"6":{"start":{"line":11,"column":4},"end":{"line":20,"column":5}},"7":{"start":{"line":12,"column":8},"end":{"line":19,"column":11}},"8":{"start":{"line":22,"column":4},"end":{"line":28,"column":5}},"9":{"start":{"line":23,"column":8},"end":{"line":23,"column":58}},"10":{"start":{"line":25,"column":8},"end":{"line":27,"column":11}},"11":{"start":{"line":30,"column":4},"end":{"line":32,"column":7}},"12":{"start":{"line":35,"column":0},"end":{"line":63,"column":3}},"13":{"start":{"line":36,"column":18},"end":{"line":36,"column":32}},"14":{"start":{"line":37,"column":21},"end":{"line":37,"column":38}},"15":{"start":{"line":41,"column":4},"end":{"line":50,"column":5}},"16":{"start":{"line":42,"column":8},"end":{"line":49,"column":11}},"17":{"start":{"line":52,"column":4},"end":{"line":58,"column":5}},"18":{"start":{"line":53,"column":8},"end":{"line":53,"column":51}},"19":{"start":{"line":55,"column":8},"end":{"line":57,"column":11}},"20":{"start":{"line":60,"column":4},"end":{"line":62,"column":7}},"21":{"start":{"line":65,"column":0},"end":{"line":65,"column":24}}},"fnMap":{"0":{"name":"(anonymous_0)","decl":{"start":{"line":5,"column":25},"end":{"line":5,"column":26}},"loc":{"start":{"line":5,"column":51},"end":{"line":33,"column":1}},"line":5},"1":{"name":"(anonymous_1)","decl":{"start":{"line":35,"column":22},"end":{"line":35,"column":23}},"loc":{"start":{"line":35,"column":48},"end":{"line":63,"column":1}},"line":35}},"branchMap":{"0":{"loc":{"start":{"line":11,"column":4},"end":{"line":20,"column":5}},"type":"if","locations":[{"start":{"line":11,"column":4},"end":{"line":20,"column":5}},{"start":{"line":11,"column":4},"end":{"line":20,"column":5}}],"line":11},"1":{"loc":{"start":{"line":11,"column":8},"end":{"line":11,"column":27}},"type":"binary-expr","locations":[{"start":{"line":11,"column":8},"end":{"line":11,"column":14}},{"start":{"line":11,"column":18},"end":{"line":11,"column":27}}],"line":11},"2":{"loc":{"start":{"line":41,"column":4},"end":{"line":50,"column":5}},"type":"if","locations":[{"start":{"line":41,"column":4},"end":{"line":50,"column":5}},{"start":{"line":41,"column":4},"end":{"line":50,"column":5}}],"line":41},"3":{"loc":{"start":{"line":41,"column":8},"end":{"line":41,"column":27}},"type":"binary-expr","locations":[{"start":{"line":41,"column":8},"end":{"line":41,"column":14}},{"start":{"line":41,"column":18},"end":{"line":41,"column":27}}],"line":41}},"s":{"0":0,"1":0,"2":0,"3":0,"4":0,"5":0,"6":0,"7":0,"8":0,"9":0,"10":0,"11":0,"12":0,"13":0,"14":0,"15":0,"16":0,"17":0,"18":0,"19":0,"20":0,"21":0},"f":{"0":0,"1":0},"b":{"0":[0,0],"1":[0,0],"2":[0,0],"3":[0,0]}}
}
