TN:
SF:C:\cygwin64\home\Develop\dbwebb-kurser\ramverk2\me\redovisa\backend\helpers\helpers.js
FNF:0
FNH:0
LF:0
LH:0
BRF:0
BRH:0
end_of_record
TN:
SF:C:\cygwin64\home\Develop\dbwebb-kurser\ramverk2\me\redovisa\backend\middlewares\checktoken.js
FN:1,(anonymous_0)
FN:7,(anonymous_1)
FNF:2
FNH:2
FNDA:2,(anonymous_0)
FNDA:2,(anonymous_1)
DA:1,2
DA:2,2
DA:4,2
DA:5,2
DA:7,2
DA:8,2
DA:9,1
DA:15,1
LF:8
LH:8
BRDA:5,0,0,2
BRDA:5,0,1,2
BRDA:8,1,0,1
BRDA:8,1,1,1
BRF:4
BRH:4
end_of_record
TN:
SF:C:\cygwin64\home\Develop\dbwebb-kurser\ramverk2\me\redovisa\backend\models\me.js
FN:7,(anonymous_0)
FNF:1
FNH:1
FNDA:1,(anonymous_0)
DA:1,3
DA:7,3
DA:8,1
LF:3
LH:3
BRF:0
BRH:0
end_of_record
TN:
SF:C:\cygwin64\home\Develop\dbwebb-kurser\ramverk2\me\redovisa\backend\models\reports.js
FN:4,(anonymous_0)
FN:5,(anonymous_1)
FN:8,(anonymous_2)
FN:20,(anonymous_3)
FN:21,(anonymous_4)
FN:25,(anonymous_5)
FNF:6
FNH:6
FNDA:3,(anonymous_0)
FNDA:3,(anonymous_1)
FNDA:4,(anonymous_2)
FNDA:3,(anonymous_3)
FNDA:3,(anonymous_4)
FNDA:4,(anonymous_5)
DA:1,3
DA:2,3
DA:4,3
DA:5,3
DA:6,3
DA:9,4
DA:10,1
DA:12,3
DA:17,3
DA:20,3
DA:21,3
DA:22,3
DA:26,4
DA:27,1
DA:29,3
DA:34,3
LF:16
LH:16
BRDA:9,0,0,1
BRDA:9,0,1,3
BRDA:26,1,0,1
BRDA:26,1,1,3
BRF:4
BRH:4
end_of_record
TN:
SF:C:\cygwin64\home\Develop\dbwebb-kurser\ramverk2\me\redovisa\backend\models\user.js
FN:9,(anonymous_0)
FN:10,(anonymous_1)
FN:11,(anonymous_2)
FN:24,(anonymous_3)
FN:46,(anonymous_4)
FN:47,(anonymous_5)
FN:50,(anonymous_6)
FN:77,(anonymous_7)
FNF:8
FNH:8
FNDA:8,(anonymous_0)
FNDA:8,(anonymous_1)
FNDA:8,(anonymous_2)
FNDA:8,(anonymous_3)
FNDA:9,(anonymous_4)
FNDA:9,(anonymous_5)
FNDA:14,(anonymous_6)
FNDA:12,(anonymous_7)
DA:1,3
DA:2,3
DA:3,3
DA:5,3
DA:7,3
DA:9,3
DA:10,8
DA:11,8
DA:12,8
DA:13,1
DA:21,7
DA:25,8
DA:26,2
DA:33,6
DA:43,8
DA:46,3
DA:47,9
DA:48,9
DA:52,14
DA:53,1
DA:63,13
DA:64,2
DA:73,11
DA:77,11
DA:78,12
DA:79,2
DA:88,10
DA:89,10
DA:91,10
DA:93,10
DA:94,3
DA:102,7
DA:115,9
LF:33
LH:33
BRDA:12,0,0,1
BRDA:12,0,1,7
BRDA:25,1,0,2
BRDA:25,1,1,6
BRDA:52,2,0,1
BRDA:52,2,1,13
BRDA:63,3,0,2
BRDA:63,3,1,11
BRDA:78,4,0,2
BRDA:78,4,1,10
BRDA:89,5,0,10
BRDA:89,5,1,10
BRDA:93,6,0,3
BRDA:93,6,1,7
BRF:14
BRH:14
end_of_record
TN:
SF:C:\cygwin64\home\Develop\dbwebb-kurser\ramverk2\me\redovisa\backend\routes\index.js
FN:6,(anonymous_0)
FNF:1
FNH:0
FNDA:0,(anonymous_0)
DA:1,2
DA:2,2
DA:4,2
DA:6,2
DA:7,0
DA:9,0
DA:12,2
LF:7
LH:5
BRF:0
BRH:0
end_of_record
TN:
SF:C:\cygwin64\home\Develop\dbwebb-kurser\ramverk2\me\redovisa\backend\routes\reports.js
FN:6,(anonymous_0)
FN:32,(anonymous_1)
FNF:2
FNH:2
FNDA:1,(anonymous_0)
FNDA:1,(anonymous_1)
DA:1,2
DA:2,2
DA:3,2
DA:4,2
DA:6,2
DA:7,1
DA:8,1
DA:11,1
DA:12,0
DA:19,1
DA:20,1
DA:22,0
DA:27,1
DA:32,2
DA:37,1
DA:38,1
DA:40,0
DA:45,1
DA:50,2
LF:19
LH:16
BRDA:11,0,0,0
BRDA:11,0,1,1
BRDA:11,1,0,1
BRDA:11,1,1,1
BRF:4
BRH:3
end_of_record
TN:
SF:C:\cygwin64\home\Develop\dbwebb-kurser\ramverk2\me\redovisa\backend\routes\user.js
FN:5,(anonymous_0)
FN:35,(anonymous_1)
FNF:2
FNH:2
FNDA:5,(anonymous_0)
FNDA:5,(anonymous_1)
DA:1,2
DA:2,2
DA:3,2
DA:5,2
DA:6,5
DA:7,5
DA:11,5
DA:12,0
DA:22,5
DA:23,5
DA:25,1
DA:30,4
DA:35,2
DA:36,5
DA:37,5
DA:41,5
DA:42,1
DA:52,4
DA:53,4
DA:55,2
DA:60,2
DA:65,2
LF:22
LH:21
BRDA:11,0,0,0
BRDA:11,0,1,5
BRDA:11,1,0,5
BRDA:11,1,1,5
BRDA:41,2,0,1
BRDA:41,2,1,4
BRDA:41,3,0,5
BRDA:41,3,1,5
BRF:8
BRH:7
end_of_record
